{"C:\\work\\webpack\\src\\App.jsx": {"path":"C:\\work\\webpack\\src\\App.jsx","statementMap":{"0":{"start":{"line":6,"column":12},"end":{"line":29,"column":1}},"1":{"start":{"line":7,"column":4},"end":{"line":28,"column":5}}},"fnMap":{"0":{"name":"(anonymous_0)","decl":{"start":{"line":6,"column":12},"end":{"line":6,"column":13}},"loc":{"start":{"line":6,"column":18},"end":{"line":29,"column":1}},"line":6}},"branchMap":{},"s":{"0":1,"1":1},"f":{"0":1},"b":{},"_coverageSchema":"1a1c01bbd47fc00a2c39e90264f33305004495a9","hash":"fc0d16a5a610978186bfc14b713525b204d7c6cf"}
,"C:\\work\\webpack\\src\\components\\Button\\Button.tsx": {"path":"C:\\work\\webpack\\src\\components\\Button\\Button.tsx","statementMap":{"0":{"start":{"line":8,"column":38},"end":{"line":12,"column":1}},"1":{"start":{"line":9,"column":4},"end":{"line":11,"column":13}}},"fnMap":{"0":{"name":"(anonymous_0)","decl":{"start":{"line":8,"column":38},"end":{"line":8,"column":39}},"loc":{"start":{"line":9,"column":4},"end":{"line":11,"column":13}},"line":9}},"branchMap":{},"s":{"0":1,"1":2},"f":{"0":2},"b":{},"_coverageSchema":"1a1c01bbd47fc00a2c39e90264f33305004495a9","hash":"1df22f3fc3fe8022f2ba255ba40181ff80f9e2e6"}
,"C:\\work\\webpack\\src\\components\\Button\\index.ts": {"path":"C:\\work\\webpack\\src\\components\\Button\\index.ts","statementMap":{},"fnMap":{},"branchMap":{},"s":{},"f":{},"b":{},"_coverageSchema":"1a1c01bbd47fc00a2c39e90264f33305004495a9","hash":"2861df15eb850629f558ae512ae545b85397fee6"}
,"C:\\work\\webpack\\src\\components\\Card\\Card.tsx": {"path":"C:\\work\\webpack\\src\\components\\Card\\Card.tsx","statementMap":{"0":{"start":{"line":10,"column":34},"end":{"line":22,"column":1}},"1":{"start":{"line":11,"column":4},"end":{"line":21,"column":5}}},"fnMap":{"0":{"name":"(anonymous_0)","decl":{"start":{"line":10,"column":34},"end":{"line":10,"column":35}},"loc":{"start":{"line":10,"column":66},"end":{"line":22,"column":1}},"line":10}},"branchMap":{},"s":{"0":1,"1":1},"f":{"0":1},"b":{},"_coverageSchema":"1a1c01bbd47fc00a2c39e90264f33305004495a9","hash":"fbd5742b2074315ce181f08d9084a5a33279d9c8"}
,"C:\\work\\webpack\\src\\components\\Card\\index.ts": {"path":"C:\\work\\webpack\\src\\components\\Card\\index.ts","statementMap":{},"fnMap":{},"branchMap":{},"s":{},"f":{},"b":{},"_coverageSchema":"1a1c01bbd47fc00a2c39e90264f33305004495a9","hash":"5fe52fa54a78eff36dab3d1e8af85aca7b044e5e"}
,"C:\\work\\webpack\\src\\components\\CheckboxWithLabel\\CheckboxWithLabel.jsx": {"path":"C:\\work\\webpack\\src\\components\\CheckboxWithLabel\\CheckboxWithLabel.jsx","statementMap":{"0":{"start":{"line":4,"column":38},"end":{"line":4,"column":53}},"1":{"start":{"line":6,"column":21},"end":{"line":8,"column":5}},"2":{"start":{"line":7,"column":8},"end":{"line":7,"column":33}},"3":{"start":{"line":10,"column":4},"end":{"line":15,"column":6}}},"fnMap":{"0":{"name":"CheckboxWithLabel","decl":{"start":{"line":3,"column":24},"end":{"line":3,"column":41}},"loc":{"start":{"line":3,"column":65},"end":{"line":16,"column":1}},"line":3},"1":{"name":"(anonymous_1)","decl":{"start":{"line":6,"column":21},"end":{"line":6,"column":22}},"loc":{"start":{"line":6,"column":27},"end":{"line":8,"column":5}},"line":6}},"branchMap":{"0":{"loc":{"start":{"line":13,"column":13},"end":{"line":13,"column":43}},"type":"cond-expr","locations":[{"start":{"line":13,"column":25},"end":{"line":13,"column":32}},{"start":{"line":13,"column":35},"end":{"line":13,"column":43}}],"line":13}},"s":{"0":2,"1":2,"2":1,"3":2},"f":{"0":2,"1":1},"b":{"0":[1,1]},"_coverageSchema":"1a1c01bbd47fc00a2c39e90264f33305004495a9","hash":"ab2b6c528dd40d8cbacf44cf44cc84fe82549bea"}
,"C:\\work\\webpack\\src\\components\\Counter\\Counter.tsx": {"path":"C:\\work\\webpack\\src\\components\\Counter\\Counter.tsx","statementMap":{"0":{"start":{"line":6,"column":26},"end":{"line":24,"column":1}},"1":{"start":{"line":7,"column":34},"end":{"line":7,"column":59}},"2":{"start":{"line":9,"column":29},"end":{"line":11,"column":10}},"3":{"start":{"line":10,"column":8},"end":{"line":10,"column":44}},"4":{"start":{"line":10,"column":27},"end":{"line":10,"column":42}},"5":{"start":{"line":13,"column":28},"end":{"line":15,"column":10}},"6":{"start":{"line":14,"column":8},"end":{"line":14,"column":44}},"7":{"start":{"line":14,"column":27},"end":{"line":14,"column":42}},"8":{"start":{"line":17,"column":4},"end":{"line":23,"column":5}}},"fnMap":{"0":{"name":"(anonymous_0)","decl":{"start":{"line":6,"column":26},"end":{"line":6,"column":27}},"loc":{"start":{"line":6,"column":32},"end":{"line":24,"column":1}},"line":6},"1":{"name":"(anonymous_1)","decl":{"start":{"line":9,"column":47},"end":{"line":9,"column":48}},"loc":{"start":{"line":9,"column":53},"end":{"line":11,"column":5}},"line":9},"2":{"name":"(anonymous_2)","decl":{"start":{"line":10,"column":19},"end":{"line":10,"column":20}},"loc":{"start":{"line":10,"column":27},"end":{"line":10,"column":42}},"line":10},"3":{"name":"(anonymous_3)","decl":{"start":{"line":13,"column":46},"end":{"line":13,"column":47}},"loc":{"start":{"line":13,"column":52},"end":{"line":15,"column":5}},"line":13},"4":{"name":"(anonymous_4)","decl":{"start":{"line":14,"column":19},"end":{"line":14,"column":20}},"loc":{"start":{"line":14,"column":27},"end":{"line":14,"column":42}},"line":14}},"branchMap":{},"s":{"0":1,"1":1,"2":1,"3":0,"4":0,"5":1,"6":0,"7":0,"8":1},"f":{"0":1,"1":0,"2":0,"3":0,"4":0},"b":{},"_coverageSchema":"1a1c01bbd47fc00a2c39e90264f33305004495a9","hash":"4d6069f9ba9f0de3ed93a3689072c702f5e51240"}
,"C:\\work\\webpack\\src\\components\\Counter\\index.ts": {"path":"C:\\work\\webpack\\src\\components\\Counter\\index.ts","statementMap":{},"fnMap":{},"branchMap":{},"s":{},"f":{},"b":{},"_coverageSchema":"1a1c01bbd47fc00a2c39e90264f33305004495a9","hash":"f497414001bcbc26f44c689bd978cc9923753386"}
}
